<?xml version="1.0" encoding="UTF-8"?>
<testng-results ignored="0" total="0" passed="0" failed="0" skipped="0">
  <reporter-output>
  </reporter-output>
  <suite started-at="2023-06-22T20:10:46 IST" name="com.raghib.pomwithpagefactory.GmailPageTest" finished-at="2023-06-22T20:10:46 IST" duration-ms="9">
    <groups>
    </groups>
    <test started-at="2023-06-22T20:10:46 IST" name="Command line test" finished-at="2023-06-22T20:10:46 IST" duration-ms="9">
    </test> <!-- Command line test -->
  </suite> <!-- com.raghib.pomwithpagefactory.GmailPageTest -->
</testng-results>
